# JRE version: Java(TM) SE Runtime Environment (14.0.2+12) (build 14.0.2+12-46)
# Java VM: Java HotSpot(TM) 64-Bit Server VM (14.0.2+12-46, mixed mode, sharing, tiered, compressed oops, g1 gc, windows-amd64)
Heap:
 garbage-first heap   total 27648K, used 8642K [0x00000000c1400000, 0x0000000100000000)
  region size 1024K, 1 young (1024K), 1 survivors (1024K)
 Metaspace       used 9438K, capacity 12211K, committed 12544K, reserved 1060864K
  class space    used 1105K, capacity 1439K, committed 1536K, reserved 1048576K
GC Heap History (20 events):
Event: 2.265 GC heap before
{Heap before GC invocations=6 (full 0):
 garbage-first heap   total 10240K, used 5096K [0x00000000c1400000, 0x0000000100000000)
  region size 1024K, 3 young (3072K), 1 survivors (1024K)
 Metaspace       used 8296K, capacity 11356K, committed 11648K, reserved 1058816K
  class space    used 999K, capacity 1328K, committed 1408K, reserved 1048576K
}
Event: 2.271 GC heap after
{Heap after GC invocations=7 (full 0):
 garbage-first heap   total 10240K, used 3665K [0x00000000c1400000, 0x0000000100000000)
  region size 1024K, 1 young (1024K), 1 survivors (1024K)
 Metaspace       used 8296K, capacity 11356K, committed 11648K, reserved 1058816K
  class space    used 999K, capacity 1328K, committed 1408K, reserved 1048576K
}
Event: 2.339 GC heap before
{Heap before GC invocations=7 (full 0):
 garbage-first heap   total 10240K, used 5713K [0x00000000c1400000, 0x0000000100000000)
  region size 1024K, 3 young (3072K), 1 survivors (1024K)
 Metaspace       used 8365K, capacity 11356K, committed 11648K, reserved 1058816K
  class space    used 999K, capacity 1328K, committed 1408K, reserved 1048576K
}
Event: 2.346 GC heap after
{Heap after GC invocations=8 (full 0):
 garbage-first heap   total 10240K, used 3956K [0x00000000c1400000, 0x0000000100000000)
  region size 1024K, 1 young (1024K), 1 survivors (1024K)
 Metaspace       used 8365K, capacity 11356K, committed 11648K, reserved 1058816K
  class space    used 999K, capacity 1328K, committed 1408K, reserved 1048576K
}
Event: 2.381 GC heap before
{Heap before GC invocations=8 (full 0):
 garbage-first heap   total 10240K, used 4980K [0x00000000c1400000, 0x0000000100000000)
  region size 1024K, 2 young (2048K), 1 survivors (1024K)
 Metaspace       used 8435K, capacity 11375K, committed 11648K, reserved 1058816K
  class space    used 1008K, capacity 1334K, committed 1408K, reserved 1048576K
}
Event: 2.384 GC heap after
{Heap after GC invocations=9 (full 0):
 garbage-first heap   total 10240K, used 4055K [0x00000000c1400000, 0x0000000100000000)
  region size 1024K, 1 young (1024K), 1 survivors (1024K)
 Metaspace       used 8435K, capacity 11375K, committed 11648K, reserved 1058816K
  class space    used 1008K, capacity 1334K, committed 1408K, reserved 1048576K
}
Event: 2.418 GC heap before
{Heap before GC invocations=9 (full 0):
 garbage-first heap   total 10240K, used 6103K [0x00000000c1400000, 0x0000000100000000)
  region size 1024K, 3 young (3072K), 1 survivors (1024K)
 Metaspace       used 8529K, capacity 11451K, committed 11648K, reserved 1058816K
  class space    used 1014K, capacity 1337K, committed 1408K, reserved 1048576K
}
Event: 2.422 GC heap after
{Heap after GC invocations=10 (full 0):
 garbage-first heap   total 12288K, used 4349K [0x00000000c1400000, 0x0000000100000000)
  region size 1024K, 1 young (1024K), 1 survivors (1024K)
 Metaspace       used 8529K, capacity 11451K, committed 11648K, reserved 1058816K
  class space    used 1014K, capacity 1337K, committed 1408K, reserved 1048576K
}
Event: 2.446 GC heap before
{Heap before GC invocations=10 (full 0):
 garbage-first heap   total 12288K, used 6397K [0x00000000c1400000, 0x0000000100000000)
  region size 1024K, 3 young (3072K), 1 survivors (1024K)
 Metaspace       used 8535K, capacity 11451K, committed 11648K, reserved 1058816K
  class space    used 1014K, capacity 1337K, committed 1408K, reserved 1048576K
}
Event: 2.453 GC heap after
{Heap after GC invocations=11 (full 0):
 garbage-first heap   total 12288K, used 4668K [0x00000000c1400000, 0x0000000100000000)
  region size 1024K, 1 young (1024K), 1 survivors (1024K)
 Metaspace       used 8535K, capacity 11451K, committed 11648K, reserved 1058816K
  class space    used 1014K, capacity 1337K, committed 1408K, reserved 1048576K
}
Event: 2.557 GC heap before
{Heap before GC invocations=11 (full 0):
 garbage-first heap   total 12288K, used 6716K [0x00000000c1400000, 0x0000000100000000)
  region size 1024K, 3 young (3072K), 1 survivors (1024K)
 Metaspace       used 8625K, capacity 11527K, committed 11648K, reserved 1058816K
  class space    used 1023K, capacity 1340K, committed 1408K, reserved 1048576K
}
Event: 2.563 GC heap after
{Heap after GC invocations=12 (full 0):
 garbage-first heap   total 12288K, used 5124K [0x00000000c1400000, 0x0000000100000000)
  region size 1024K, 1 young (1024K), 1 survivors (1024K)
 Metaspace       used 8625K, capacity 11527K, committed 11648K, reserved 1058816K
  class space    used 1023K, capacity 1340K, committed 1408K, reserved 1048576K
}
Event: 2.617 GC heap before
{Heap before GC invocations=12 (full 0):
 garbage-first heap   total 12288K, used 7172K [0x00000000c1400000, 0x0000000100000000)
  region size 1024K, 3 young (3072K), 1 survivors (1024K)
 Metaspace       used 8666K, capacity 11547K, committed 11648K, reserved 1058816K
  class space    used 1028K, capacity 1347K, committed 1408K, reserved 1048576K
}
Event: 2.621 GC heap after
{Heap after GC invocations=13 (full 0):
 garbage-first heap   total 12288K, used 5520K [0x00000000c1400000, 0x0000000100000000)
  region size 1024K, 1 young (1024K), 1 survivors (1024K)
 Metaspace       used 8666K, capacity 11547K, committed 11648K, reserved 1058816K
  class space    used 1028K, capacity 1347K, committed 1408K, reserved 1048576K
}
Event: 2.683 GC heap before
{Heap before GC invocations=13 (full 0):
 garbage-first heap   total 12288K, used 7568K [0x00000000c1400000, 0x0000000100000000)
  region size 1024K, 3 young (3072K), 1 survivors (1024K)
 Metaspace       used 8701K, capacity 11643K, committed 11904K, reserved 1060864K
  class space    used 1031K, capacity 1379K, committed 1408K, reserved 1048576K
}
Event: 2.687 GC heap after
{Heap after GC invocations=14 (full 0):
 garbage-first heap   total 16384K, used 6132K [0x00000000c1400000, 0x0000000100000000)
  region size 1024K, 1 young (1024K), 1 survivors (1024K)
 Metaspace       used 8701K, capacity 11643K, committed 11904K, reserved 1060864K
  class space    used 1031K, capacity 1379K, committed 1408K, reserved 1048576K
}
Event: 2.855 GC heap before
{Heap before GC invocations=14 (full 0):
 garbage-first heap   total 16384K, used 11252K [0x00000000c1400000, 0x0000000100000000)
  region size 1024K, 6 young (6144K), 1 survivors (1024K)
 Metaspace       used 8883K, capacity 11747K, committed 11904K, reserved 1060864K
  class space    used 1053K, capacity 1392K, committed 1408K, reserved 1048576K
}
Event: 2.863 GC heap after
{Heap after GC invocations=15 (full 0):
 garbage-first heap   total 16384K, used 7334K [0x00000000c1400000, 0x0000000100000000)
  region size 1024K, 1 young (1024K), 1 survivors (1024K)
 Metaspace       used 8883K, capacity 11747K, committed 11904K, reserved 1060864K
  class space    used 1053K, capacity 1392K, committed 1408K, reserved 1048576K
}
Event: 3.225 GC heap before
{Heap before GC invocations=15 (full 0):
 garbage-first heap   total 16384K, used 10406K [0x00000000c1400000, 0x0000000100000000)
  region size 1024K, 4 young (4096K), 1 survivors (1024K)
 Metaspace       used 9435K, capacity 12211K, committed 12544K, reserved 1060864K
  class space    used 1105K, capacity 1439K, committed 1536K, reserved 1048576K
}
Event: 3.232 GC heap after
{Heap after GC invocations=16 (full 0):
 garbage-first heap   total 16384K, used 7861K [0x00000000c1400000, 0x0000000100000000)
  region size 1024K, 1 young (1024K), 1 survivors (1024K)
 Metaspace       used 9435K, capacity 12211K, committed 12544K, reserved 1060864K
  class space    used 1105K, capacity 1439K, committed 1536K, reserved 1048576K
}

